  Camera.cpp
  Enermy.cpp
Z:\MyOpenGLGame\MyOpenGLGame\LightSpot.h(1,1): warning C4819: The file contains a character that cannot be represented in the current code page (932). Save the file in Unicode format to prevent data loss
Z:\MyOpenGLGame\MyOpenGLGame\Enermy.cpp(136,30): warning C4244: '+=': conversion from 'double' to 'float', possible loss of data
  Game.cpp
Z:\MyOpenGLGame\MyOpenGLGame\Game.h(12,10): fatal error C1083: Cannot open include file: 'irrKlang.h': No such file or directory
  imgui.cpp
  imgui_demo.cpp
  imgui_draw.cpp
  imgui_impl_glfw.cpp
  imgui_impl_opengl3.cpp
  imgui_tables.cpp
  imgui_widgets.cpp
  LightDirectional.cpp
  LightSpot.cpp
Z:\MyOpenGLGame\MyOpenGLGame\LightSpot.h(1,1): warning C4819: The file contains a character that cannot be represented in the current code page (932). Save the file in Unicode format to prevent data loss
  main.cpp
Z:\MyOpenGLGame\MyOpenGLGame\Game.h(12,10): fatal error C1083: Cannot open include file: 'irrKlang.h': No such file or directory
  Mesh.cpp
Z:\MyOpenGLGame\MyOpenGLGame\Mesh.cpp(59,68): warning C4267: 'argument': conversion from 'size_t' to 'GLsizei', possible loss of data
  Model.cpp
  Object.cpp
Z:\MyOpenGLGame\MyOpenGLGame\LightSpot.h(1,1): warning C4819: The file contains a character that cannot be represented in the current code page (932). Save the file in Unicode format to prevent data loss
Z:\MyOpenGLGame\MyOpenGLGame\Object.cpp(248,18): warning C4244: 'initializing': conversion from 'int' to 'float', possible loss of data
Z:\MyOpenGLGame\MyOpenGLGame\Object.cpp(282,81): warning C4312: 'type cast': conversion from 'GLsizei' to 'void *' of greater size
Z:\MyOpenGLGame\MyOpenGLGame\Object.cpp(284,85): warning C4312: 'type cast': conversion from 'GLsizei' to 'void *' of greater size
Z:\MyOpenGLGame\MyOpenGLGame\Object.cpp(286,85): warning C4312: 'type cast': conversion from 'GLsizei' to 'void *' of greater size
  Particle.cpp
  ParticleSystem.cpp
Z:\MyOpenGLGame\MyOpenGLGame\LightSpot.h(1,1): warning C4819: The file contains a character that cannot be represented in the current code page (932). Save the file in Unicode format to prevent data loss
  Player.cpp
Z:\MyOpenGLGame\MyOpenGLGame\Player.cpp(46,31): warning C4244: '+=': conversion from 'double' to 'float', possible loss of data
  RandomNum.cpp
  Compiling...
  Raytest.cpp
Z:\MyOpenGLGame\MyOpenGLGame\Raytest.h(4,9): fatal error C1083: Cannot open include file: 'irrKlang.h': No such file or directory
  Shader.cpp
  Skybox.cpp
  Terrain.cpp
Z:\MyOpenGLGame\MyOpenGLGame\Terrain.cpp(1,1): warning C4819: The file contains a character that cannot be represented in the current code page (932). Save the file in Unicode format to prevent data loss
Z:\MyOpenGLGame\MyOpenGLGame\LightSpot.h(1,1): warning C4819: The file contains a character that cannot be represented in the current code page (932). Save the file in Unicode format to prevent data loss
Z:\MyOpenGLGame\MyOpenGLGame\Terrain.cpp(168,55): warning C4244: 'argument': conversion from 'int' to 'float', possible loss of data
Z:\MyOpenGLGame\MyOpenGLGame\Terrain.cpp(168,52): warning C4244: 'argument': conversion from 'int' to 'float', possible loss of data
Z:\MyOpenGLGame\MyOpenGLGame\Terrain.cpp(343,18): warning C4244: 'initializing': conversion from 'int' to 'float', possible loss of data
Z:\MyOpenGLGame\MyOpenGLGame\Terrain.cpp(463,105): warning C4267: 'argument': conversion from 'size_t' to 'GLsizei', possible loss of data
  Texture.cpp
  WaterFrameBuffer.cpp
  Weapon.cpp
Z:\MyOpenGLGame\MyOpenGLGame\Raytest.h(4,9): fatal error C1083: Cannot open include file: 'irrKlang.h': No such file or directory
