  Camera.cpp
  Enermy.cpp
Z:\MyOpenGLGame\MyOpenGLGame\LightSpot.h(1,1): warning C4819: The file contains a character that cannot be represented in the current code page (932). Save the file in Unicode format to prevent data loss
Z:\MyOpenGLGame\MyOpenGLGame\Enermy.cpp(136,30): warning C4244: '+=': conversion from 'double' to 'float', possible loss of data
  Game.cpp
Z:\MyOpenGLGame\MyOpenGLGame\LightSpot.h(1,1): warning C4819: The file contains a character that cannot be represented in the current code page (932). Save the file in Unicode format to prevent data loss
Z:\MyOpenGLGame\MyOpenGLGame\Game.h(39,24): warning C4244: 'initializing': conversion from 'double' to 'int', possible loss of data
Z:\MyOpenGLGame\MyOpenGLGame\Game.cpp(214,11): warning C4244: '=': conversion from 'double' to 'float', possible loss of data
Z:\MyOpenGLGame\MyOpenGLGame\Game.cpp(215,11): warning C4244: '=': conversion from 'double' to 'float', possible loss of data
Z:\MyOpenGLGame\MyOpenGLGame\Game.cpp(218,16): warning C4244: '=': conversion from 'double' to 'float', possible loss of data
Z:\MyOpenGLGame\MyOpenGLGame\Game.cpp(219,17): warning C4244: '=': conversion from 'double' to 'float', possible loss of data
Z:\MyOpenGLGame\MyOpenGLGame\Game.cpp(220,10): warning C4244: '=': conversion from 'double' to 'float', possible loss of data
Z:\MyOpenGLGame\MyOpenGLGame\Game.cpp(221,10): warning C4244: '=': conversion from 'double' to 'float', possible loss of data
Z:\MyOpenGLGame\MyOpenGLGame\Game.cpp(229,28): warning C4244: 'argument': conversion from 'double' to 'float', possible loss of data
Z:\MyOpenGLGame\MyOpenGLGame\Game.cpp(436,24): warning C4244: 'initializing': conversion from 'double' to 'GLfloat', possible loss of data
Z:\MyOpenGLGame\MyOpenGLGame\Game.cpp(442,17): warning C4244: '+=': conversion from 'GLfloat' to 'int', possible loss of data
Z:\MyOpenGLGame\MyOpenGLGame\Game.cpp(475,107): warning C4305: 'argument': truncation from 'double' to 'T'
          with
          [
              T=float
          ]
Z:\MyOpenGLGame\MyOpenGLGame\Game.cpp(634,20): warning C4018: '<': signed/unsigned mismatch
  imgui.cpp
  imgui_demo.cpp
  imgui_draw.cpp
  imgui_impl_glfw.cpp
  imgui_impl_opengl3.cpp
  imgui_tables.cpp
  imgui_widgets.cpp
  LightDirectional.cpp
  LightSpot.cpp
Z:\MyOpenGLGame\MyOpenGLGame\LightSpot.h(1,1): warning C4819: The file contains a character that cannot be represented in the current code page (932). Save the file in Unicode format to prevent data loss
  main.cpp
Z:\MyOpenGLGame\MyOpenGLGame\LightSpot.h(1,1): warning C4819: The file contains a character that cannot be represented in the current code page (932). Save the file in Unicode format to prevent data loss
Z:\MyOpenGLGame\MyOpenGLGame\Game.h(39,24): warning C4244: 'initializing': conversion from 'double' to 'int', possible loss of data
  Mesh.cpp
  Model.cpp
  Object.cpp
Z:\MyOpenGLGame\MyOpenGLGame\LightSpot.h(1,1): warning C4819: The file contains a character that cannot be represented in the current code page (932). Save the file in Unicode format to prevent data loss
Z:\MyOpenGLGame\MyOpenGLGame\Object.cpp(230,20): warning C4018: '<': signed/unsigned mismatch
Z:\MyOpenGLGame\MyOpenGLGame\Object.cpp(248,18): warning C4244: 'initializing': conversion from 'int' to 'float', possible loss of data
  Particle.cpp
  ParticleSystem.cpp
Z:\MyOpenGLGame\MyOpenGLGame\LightSpot.h(1,1): warning C4819: The file contains a character that cannot be represented in the current code page (932). Save the file in Unicode format to prevent data loss
  Player.cpp
Z:\MyOpenGLGame\MyOpenGLGame\Player.cpp(46,31): warning C4244: '+=': conversion from 'double' to 'float', possible loss of data
  RandomNum.cpp
  Generating Code...
  Compiling...
  Raytest.cpp
Z:\MyOpenGLGame\MyOpenGLGame\LightSpot.h(1,1): warning C4819: The file contains a character that cannot be represented in the current code page (932). Save the file in Unicode format to prevent data loss
  Shader.cpp
  Skybox.cpp
  Terrain.cpp
Z:\MyOpenGLGame\MyOpenGLGame\Terrain.cpp(1,1): warning C4819: The file contains a character that cannot be represented in the current code page (932). Save the file in Unicode format to prevent data loss
Z:\MyOpenGLGame\MyOpenGLGame\LightSpot.h(1,1): warning C4819: The file contains a character that cannot be represented in the current code page (932). Save the file in Unicode format to prevent data loss
Z:\MyOpenGLGame\MyOpenGLGame\Terrain.cpp(168,55): warning C4244: 'argument': conversion from 'int' to 'float', possible loss of data
Z:\MyOpenGLGame\MyOpenGLGame\Terrain.cpp(168,52): warning C4244: 'argument': conversion from 'int' to 'float', possible loss of data
Z:\MyOpenGLGame\MyOpenGLGame\Terrain.cpp(343,18): warning C4244: 'initializing': conversion from 'int' to 'float', possible loss of data
Z:\MyOpenGLGame\MyOpenGLGame\Terrain.cpp(504,20): warning C4018: '<': signed/unsigned mismatch
  Texture.cpp
  WaterFrameBuffer.cpp
  Weapon.cpp
Z:\MyOpenGLGame\MyOpenGLGame\LightSpot.h(1,1): warning C4819: The file contains a character that cannot be represented in the current code page (932). Save the file in Unicode format to prevent data loss
Z:\MyOpenGLGame\MyOpenGLGame\Weapon.cpp(20,21): warning C4305: '=': truncation from 'double' to 'float'
Z:\MyOpenGLGame\MyOpenGLGame\Weapon.cpp(24,21): warning C4305: '=': truncation from 'double' to 'float'
Z:\MyOpenGLGame\MyOpenGLGame\Weapon.cpp(84,12): warning C4244: '=': conversion from 'int' to 'float', possible loss of data
Z:\MyOpenGLGame\MyOpenGLGame\Weapon.cpp(87,17): warning C4244: '=': conversion from 'float' to 'int', possible loss of data
Z:\MyOpenGLGame\MyOpenGLGame\Weapon.cpp(101,12): warning C4244: '=': conversion from 'int' to 'float', possible loss of data
Z:\MyOpenGLGame\MyOpenGLGame\Weapon.cpp(104,17): warning C4244: '=': conversion from 'float' to 'int', possible loss of data
Z:\MyOpenGLGame\MyOpenGLGame\Weapon.cpp(241,31): warning C4244: '+=': conversion from 'double' to 'float', possible loss of data
  Generating Code...
LINK : warning LNK4098: defaultlib 'MSVCRT' conflicts with use of other libs; use /NODEFAULTLIB:library
LINK : warning LNK4098: defaultlib 'LIBCMT' conflicts with use of other libs; use /NODEFAULTLIB:library
LINK : warning LNK4286: symbol '___glewActiveTexture' defined in 'glew32s.lib(glew.obj)' is imported by 'Skybox.obj'
LINK : warning LNK4286: symbol '___glewActiveTexture' defined in 'glew32s.lib(glew.obj)' is imported by 'Terrain.obj'
LINK : warning LNK4286: symbol '___glewActiveTexture' defined in 'glew32s.lib(glew.obj)' is imported by 'Texture.obj'
LINK : warning LNK4217: symbol '___glewActiveTexture' defined in 'glew32s.lib(glew.obj)' is imported by 'imgui_impl_opengl3.obj' in function '"void __cdecl ImGui_ImplOpenGL3_RenderDrawData(struct ImDrawData *)" (?ImGui_ImplOpenGL3_RenderDrawData@@YAXPAUImDrawData@@@Z)'
LINK : warning LNK4286: symbol '___glewActiveTexture' defined in 'glew32s.lib(glew.obj)' is imported by 'Mesh.obj'
LINK : warning LNK4286: symbol '___glewActiveTexture' defined in 'glew32s.lib(glew.obj)' is imported by 'Object.obj'
LINK : warning LNK4286: symbol '___glewActiveTexture' defined in 'glew32s.lib(glew.obj)' is imported by 'ParticleSystem.obj'
LINK : warning LNK4217: symbol '___glewBlendEquation' defined in 'glew32s.lib(glew.obj)' is imported by 'imgui_impl_opengl3.obj' in function '"void __cdecl ImGui_ImplOpenGL3_SetupRenderState(struct ImDrawData *,int,int,unsigned int)" (?ImGui_ImplOpenGL3_SetupRenderState@@YAXPAUImDrawData@@HHI@Z)'
LINK : warning LNK4217: symbol '___glewBlendFuncSeparate' defined in 'glew32s.lib(glew.obj)' is imported by 'imgui_impl_opengl3.obj' in function '"void __cdecl ImGui_ImplOpenGL3_RenderDrawData(struct ImDrawData *)" (?ImGui_ImplOpenGL3_RenderDrawData@@YAXPAUImDrawData@@@Z)'
LINK : warning LNK4286: symbol '___glewBindBuffer' defined in 'glew32s.lib(glew.obj)' is imported by 'Skybox.obj'
LINK : warning LNK4286: symbol '___glewBindBuffer' defined in 'glew32s.lib(glew.obj)' is imported by 'Terrain.obj'
LINK : warning LNK4217: symbol '___glewBindBuffer' defined in 'glew32s.lib(glew.obj)' is imported by 'imgui_impl_opengl3.obj' in function '"bool __cdecl ImGui_ImplOpenGL3_CreateDeviceObjects(void)" (?ImGui_ImplOpenGL3_CreateDeviceObjects@@YA_NXZ)'
LINK : warning LNK4286: symbol '___glewBindBuffer' defined in 'glew32s.lib(glew.obj)' is imported by 'Mesh.obj'
LINK : warning LNK4286: symbol '___glewBindBuffer' defined in 'glew32s.lib(glew.obj)' is imported by 'Object.obj'
LINK : warning LNK4286: symbol '___glewBindBuffer' defined in 'glew32s.lib(glew.obj)' is imported by 'ParticleSystem.obj'
LINK : warning LNK4286: symbol '___glewBufferData' defined in 'glew32s.lib(glew.obj)' is imported by 'Skybox.obj'
LINK : warning LNK4286: symbol '___glewBufferData' defined in 'glew32s.lib(glew.obj)' is imported by 'Terrain.obj'
LINK : warning LNK4217: symbol '___glewBufferData' defined in 'glew32s.lib(glew.obj)' is imported by 'imgui_impl_opengl3.obj' in function '"void __cdecl ImGui_ImplOpenGL3_RenderDrawData(struct ImDrawData *)" (?ImGui_ImplOpenGL3_RenderDrawData@@YAXPAUImDrawData@@@Z)'
LINK : warning LNK4286: symbol '___glewBufferData' defined in 'glew32s.lib(glew.obj)' is imported by 'Mesh.obj'
LINK : warning LNK4286: symbol '___glewBufferData' defined in 'glew32s.lib(glew.obj)' is imported by 'Object.obj'
LINK : warning LNK4286: symbol '___glewBufferData' defined in 'glew32s.lib(glew.obj)' is imported by 'ParticleSystem.obj'
LINK : warning LNK4217: symbol '___glewDeleteBuffers' defined in 'glew32s.lib(glew.obj)' is imported by 'imgui_impl_opengl3.obj' in function '"void __cdecl ImGui_ImplOpenGL3_DestroyDeviceObjects(void)" (?ImGui_ImplOpenGL3_DestroyDeviceObjects@@YAXXZ)'
LINK : warning LNK4286: symbol '___glewDeleteBuffers' defined in 'glew32s.lib(glew.obj)' is imported by 'Skybox.obj'
LINK : warning LNK4286: symbol '___glewGenBuffers' defined in 'glew32s.lib(glew.obj)' is imported by 'Skybox.obj'
LINK : warning LNK4286: symbol '___glewGenBuffers' defined in 'glew32s.lib(glew.obj)' is imported by 'Terrain.obj'
LINK : warning LNK4217: symbol '___glewGenBuffers' defined in 'glew32s.lib(glew.obj)' is imported by 'imgui_impl_opengl3.obj' in function '"bool __cdecl ImGui_ImplOpenGL3_CreateDeviceObjects(void)" (?ImGui_ImplOpenGL3_CreateDeviceObjects@@YA_NXZ)'
LINK : warning LNK4286: symbol '___glewGenBuffers' defined in 'glew32s.lib(glew.obj)' is imported by 'Mesh.obj'
LINK : warning LNK4286: symbol '___glewGenBuffers' defined in 'glew32s.lib(glew.obj)' is imported by 'Object.obj'
LINK : warning LNK4286: symbol '___glewGenBuffers' defined in 'glew32s.lib(glew.obj)' is imported by 'ParticleSystem.obj'
LINK : warning LNK4217: symbol '___glewAttachShader' defined in 'glew32s.lib(glew.obj)' is imported by 'imgui_impl_opengl3.obj' in function '"bool __cdecl ImGui_ImplOpenGL3_CreateDeviceObjects(void)" (?ImGui_ImplOpenGL3_CreateDeviceObjects@@YA_NXZ)'
LINK : warning LNK4217: symbol '___glewBlendEquationSeparate' defined in 'glew32s.lib(glew.obj)' is imported by 'imgui_impl_opengl3.obj' in function '"void __cdecl ImGui_ImplOpenGL3_RenderDrawData(struct ImDrawData *)" (?ImGui_ImplOpenGL3_RenderDrawData@@YAXPAUImDrawData@@@Z)'
LINK : warning LNK4217: symbol '___glewCompileShader' defined in 'glew32s.lib(glew.obj)' is imported by 'imgui_impl_opengl3.obj' in function '"bool __cdecl ImGui_ImplOpenGL3_CreateDeviceObjects(void)" (?ImGui_ImplOpenGL3_CreateDeviceObjects@@YA_NXZ)'
LINK : warning LNK4217: symbol '___glewCreateProgram' defined in 'glew32s.lib(glew.obj)' is imported by 'imgui_impl_opengl3.obj' in function '"bool __cdecl ImGui_ImplOpenGL3_CreateDeviceObjects(void)" (?ImGui_ImplOpenGL3_CreateDeviceObjects@@YA_NXZ)'
LINK : warning LNK4217: symbol '___glewCreateShader' defined in 'glew32s.lib(glew.obj)' is imported by 'imgui_impl_opengl3.obj' in function '"bool __cdecl ImGui_ImplOpenGL3_CreateDeviceObjects(void)" (?ImGui_ImplOpenGL3_CreateDeviceObjects@@YA_NXZ)'
LINK : warning LNK4217: symbol '___glewDeleteProgram' defined in 'glew32s.lib(glew.obj)' is imported by 'imgui_impl_opengl3.obj' in function '"void __cdecl ImGui_ImplOpenGL3_DestroyDeviceObjects(void)" (?ImGui_ImplOpenGL3_DestroyDeviceObjects@@YAXXZ)'
LINK : warning LNK4217: symbol '___glewDeleteShader' defined in 'glew32s.lib(glew.obj)' is imported by 'imgui_impl_opengl3.obj' in function '"void __cdecl ImGui_ImplOpenGL3_DestroyDeviceObjects(void)" (?ImGui_ImplOpenGL3_DestroyDeviceObjects@@YAXXZ)'
LINK : warning LNK4217: symbol '___glewDetachShader' defined in 'glew32s.lib(glew.obj)' is imported by 'imgui_impl_opengl3.obj' in function '"void __cdecl ImGui_ImplOpenGL3_DestroyDeviceObjects(void)" (?ImGui_ImplOpenGL3_DestroyDeviceObjects@@YAXXZ)'
LINK : warning LNK4286: symbol '___glewEnableVertexAttribArray' defined in 'glew32s.lib(glew.obj)' is imported by 'Skybox.obj'
LINK : warning LNK4286: symbol '___glewEnableVertexAttribArray' defined in 'glew32s.lib(glew.obj)' is imported by 'Terrain.obj'
LINK : warning LNK4217: symbol '___glewEnableVertexAttribArray' defined in 'glew32s.lib(glew.obj)' is imported by 'imgui_impl_opengl3.obj' in function '"void __cdecl ImGui_ImplOpenGL3_SetupRenderState(struct ImDrawData *,int,int,unsigned int)" (?ImGui_ImplOpenGL3_SetupRenderState@@YAXPAUImDrawData@@HHI@Z)'
LINK : warning LNK4286: symbol '___glewEnableVertexAttribArray' defined in 'glew32s.lib(glew.obj)' is imported by 'Mesh.obj'
LINK : warning LNK4286: symbol '___glewEnableVertexAttribArray' defined in 'glew32s.lib(glew.obj)' is imported by 'Object.obj'
LINK : warning LNK4286: symbol '___glewEnableVertexAttribArray' defined in 'glew32s.lib(glew.obj)' is imported by 'ParticleSystem.obj'
LINK : warning LNK4217: symbol '___glewGetAttribLocation' defined in 'glew32s.lib(glew.obj)' is imported by 'imgui_impl_opengl3.obj' in function '"bool __cdecl ImGui_ImplOpenGL3_CreateDeviceObjects(void)" (?ImGui_ImplOpenGL3_CreateDeviceObjects@@YA_NXZ)'
LINK : warning LNK4217: symbol '___glewGetProgramInfoLog' defined in 'glew32s.lib(glew.obj)' is imported by 'imgui_impl_opengl3.obj' in function '"bool __cdecl CheckProgram(unsigned int,char const *)" (?CheckProgram@@YA_NIPBD@Z)'
LINK : warning LNK4217: symbol '___glewGetProgramiv' defined in 'glew32s.lib(glew.obj)' is imported by 'imgui_impl_opengl3.obj' in function '"bool __cdecl CheckProgram(unsigned int,char const *)" (?CheckProgram@@YA_NIPBD@Z)'
LINK : warning LNK4217: symbol '___glewGetShaderInfoLog' defined in 'glew32s.lib(glew.obj)' is imported by 'imgui_impl_opengl3.obj' in function '"bool __cdecl CheckShader(unsigned int,char const *)" (?CheckShader@@YA_NIPBD@Z)'
LINK : warning LNK4217: symbol '___glewGetShaderiv' defined in 'glew32s.lib(glew.obj)' is imported by 'imgui_impl_opengl3.obj' in function '"bool __cdecl CheckShader(unsigned int,char const *)" (?CheckShader@@YA_NIPBD@Z)'
LINK : warning LNK4217: symbol '___glewGetUniformLocation' defined in 'glew32s.lib(glew.obj)' is imported by 'imgui_impl_opengl3.obj' in function '"bool __cdecl ImGui_ImplOpenGL3_CreateDeviceObjects(void)" (?ImGui_ImplOpenGL3_CreateDeviceObjects@@YA_NXZ)'
LINK : warning LNK4217: symbol '___glewLinkProgram' defined in 'glew32s.lib(glew.obj)' is imported by 'imgui_impl_opengl3.obj' in function '"bool __cdecl ImGui_ImplOpenGL3_CreateDeviceObjects(void)" (?ImGui_ImplOpenGL3_CreateDeviceObjects@@YA_NXZ)'
LINK : warning LNK4217: symbol '___glewShaderSource' defined in 'glew32s.lib(glew.obj)' is imported by 'imgui_impl_opengl3.obj' in function '"bool __cdecl ImGui_ImplOpenGL3_CreateDeviceObjects(void)" (?ImGui_ImplOpenGL3_CreateDeviceObjects@@YA_NXZ)'
LINK : warning LNK4217: symbol '___glewUniform1i' defined in 'glew32s.lib(glew.obj)' is imported by 'imgui_impl_opengl3.obj' in function '"void __cdecl ImGui_ImplOpenGL3_SetupRenderState(struct ImDrawData *,int,int,unsigned int)" (?ImGui_ImplOpenGL3_SetupRenderState@@YAXPAUImDrawData@@HHI@Z)'
LINK : warning LNK4217: symbol '___glewUniformMatrix4fv' defined in 'glew32s.lib(glew.obj)' is imported by 'imgui_impl_opengl3.obj' in function '"void __cdecl ImGui_ImplOpenGL3_SetupRenderState(struct ImDrawData *,int,int,unsigned int)" (?ImGui_ImplOpenGL3_SetupRenderState@@YAXPAUImDrawData@@HHI@Z)'
LINK : warning LNK4217: symbol '___glewUseProgram' defined in 'glew32s.lib(glew.obj)' is imported by 'imgui_impl_opengl3.obj' in function '"void __cdecl ImGui_ImplOpenGL3_RenderDrawData(struct ImDrawData *)" (?ImGui_ImplOpenGL3_RenderDrawData@@YAXPAUImDrawData@@@Z)'
LINK : warning LNK4286: symbol '___glewVertexAttribPointer' defined in 'glew32s.lib(glew.obj)' is imported by 'Skybox.obj'
LINK : warning LNK4286: symbol '___glewVertexAttribPointer' defined in 'glew32s.lib(glew.obj)' is imported by 'Terrain.obj'
LINK : warning LNK4217: symbol '___glewVertexAttribPointer' defined in 'glew32s.lib(glew.obj)' is imported by 'imgui_impl_opengl3.obj' in function '"void __cdecl ImGui_ImplOpenGL3_SetupRenderState(struct ImDrawData *,int,int,unsigned int)" (?ImGui_ImplOpenGL3_SetupRenderState@@YAXPAUImDrawData@@HHI@Z)'
LINK : warning LNK4286: symbol '___glewVertexAttribPointer' defined in 'glew32s.lib(glew.obj)' is imported by 'Mesh.obj'
LINK : warning LNK4286: symbol '___glewVertexAttribPointer' defined in 'glew32s.lib(glew.obj)' is imported by 'Object.obj'
LINK : warning LNK4286: symbol '___glewVertexAttribPointer' defined in 'glew32s.lib(glew.obj)' is imported by 'ParticleSystem.obj'
LINK : warning LNK4217: symbol '___glewDrawElementsBaseVertex' defined in 'glew32s.lib(glew.obj)' is imported by 'imgui_impl_opengl3.obj' in function '"void __cdecl ImGui_ImplOpenGL3_RenderDrawData(struct ImDrawData *)" (?ImGui_ImplOpenGL3_RenderDrawData@@YAXPAUImDrawData@@@Z)'
LINK : warning LNK4217: symbol '___glewBindSampler' defined in 'glew32s.lib(glew.obj)' is imported by 'imgui_impl_opengl3.obj' in function '"void __cdecl ImGui_ImplOpenGL3_RenderDrawData(struct ImDrawData *)" (?ImGui_ImplOpenGL3_RenderDrawData@@YAXPAUImDrawData@@@Z)'
LINK : warning LNK4286: symbol '___glewBindVertexArray' defined in 'glew32s.lib(glew.obj)' is imported by 'Skybox.obj'
LINK : warning LNK4286: symbol '___glewBindVertexArray' defined in 'glew32s.lib(glew.obj)' is imported by 'Terrain.obj'
LINK : warning LNK4286: symbol '___glewBindVertexArray' defined in 'glew32s.lib(glew.obj)' is imported by 'Weapon.obj'
LINK : warning LNK4217: symbol '___glewBindVertexArray' defined in 'glew32s.lib(glew.obj)' is imported by 'imgui_impl_opengl3.obj' in function '"bool __cdecl ImGui_ImplOpenGL3_CreateDeviceObjects(void)" (?ImGui_ImplOpenGL3_CreateDeviceObjects@@YA_NXZ)'
LINK : warning LNK4286: symbol '___glewBindVertexArray' defined in 'glew32s.lib(glew.obj)' is imported by 'Mesh.obj'
LINK : warning LNK4286: symbol '___glewBindVertexArray' defined in 'glew32s.lib(glew.obj)' is imported by 'Object.obj'
LINK : warning LNK4286: symbol '___glewBindVertexArray' defined in 'glew32s.lib(glew.obj)' is imported by 'ParticleSystem.obj'
LINK : warning LNK4217: symbol '___glewDeleteVertexArrays' defined in 'glew32s.lib(glew.obj)' is imported by 'imgui_impl_opengl3.obj' in function '"void __cdecl ImGui_ImplOpenGL3_RenderDrawData(struct ImDrawData *)" (?ImGui_ImplOpenGL3_RenderDrawData@@YAXPAUImDrawData@@@Z)'
LINK : warning LNK4286: symbol '___glewDeleteVertexArrays' defined in 'glew32s.lib(glew.obj)' is imported by 'Skybox.obj'
LINK : warning LNK4286: symbol '___glewGenVertexArrays' defined in 'glew32s.lib(glew.obj)' is imported by 'Skybox.obj'
LINK : warning LNK4286: symbol '___glewGenVertexArrays' defined in 'glew32s.lib(glew.obj)' is imported by 'Terrain.obj'
LINK : warning LNK4217: symbol '___glewGenVertexArrays' defined in 'glew32s.lib(glew.obj)' is imported by 'imgui_impl_opengl3.obj' in function '"void __cdecl ImGui_ImplOpenGL3_RenderDrawData(struct ImDrawData *)" (?ImGui_ImplOpenGL3_RenderDrawData@@YAXPAUImDrawData@@@Z)'
LINK : warning LNK4286: symbol '___glewGenVertexArrays' defined in 'glew32s.lib(glew.obj)' is imported by 'Mesh.obj'
LINK : warning LNK4286: symbol '___glewGenVertexArrays' defined in 'glew32s.lib(glew.obj)' is imported by 'Object.obj'
LINK : warning LNK4286: symbol '___glewGenVertexArrays' defined in 'glew32s.lib(glew.obj)' is imported by 'ParticleSystem.obj'
LINK : warning LNK4217: symbol '___glewGenerateMipmap' defined in 'glew32s.lib(glew.obj)' is imported by 'Model.obj' in function '"unsigned int __cdecl TextureFromFile(char const *,class std::basic_string<char,struct std::char_traits<char>,class std::allocator<char> > const &)" (?TextureFromFile@@YAIPBDABV?$basic_string@DU?$char_traits@D@std@@V?$allocator@D@2@@std@@@Z)'
LINK : warning LNK4286: symbol '___glewGenerateMipmap' defined in 'glew32s.lib(glew.obj)' is imported by 'Texture.obj'
LINK : warning LNK4217: symbol '___glewDrawArraysInstanced' defined in 'glew32s.lib(glew.obj)' is imported by 'Object.obj' in function '"public: void __thiscall Object::DrawPlant(class Camera &,class LightDirectional const *,class LightSpot const *,int,class std::vector<struct glm::tvec3<float,0>,class std::allocator<struct glm::tvec3<float,0> > >)" (?DrawPlant@Object@@QAEXAAVCamera@@PBVLightDirectional@@PBVLightSpot@@HV?$vector@U?$tvec3@M$0A@@glm@@V?$allocator@U?$tvec3@M$0A@@glm@@@std@@@std@@@Z)'
LINK : warning LNK4217: symbol '___glewVertexAttribDivisor' defined in 'glew32s.lib(glew.obj)' is imported by 'Object.obj' in function '"public: void __thiscall Object::InitGrass(class std::vector<struct glm::tvec3<float,0>,class std::allocator<struct glm::tvec3<float,0> > >)" (?InitGrass@Object@@QAEXV?$vector@U?$tvec3@M$0A@@glm@@V?$allocator@U?$tvec3@M$0A@@glm@@@std@@@std@@@Z)'
LINK : warning LNK4286: symbol '___glewVertexAttribDivisor' defined in 'glew32s.lib(glew.obj)' is imported by 'Terrain.obj'
LINK : warning LNK4217: symbol '___glewDrawElementsInstanced' defined in 'glew32s.lib(glew.obj)' is imported by 'Terrain.obj' in function '"private: void __thiscall Terrain::DrawStone(class Camera,class LightDirectional *,class LightSpot *,int)" (?DrawStone@Terrain@@AAEXVCamera@@PAVLightDirectional@@PAVLightSpot@@H@Z)'
LINK : warning LNK4217: symbol '___glewFramebufferTexture' defined in 'glew32s.lib(glew.obj)' is imported by 'WaterFrameBuffer.obj' in function '"private: unsigned int __thiscall WaterFrameBuffer::CreateDepthTextureAttachment(int,int)" (?CreateDepthTextureAttachment@WaterFrameBuffer@@AAEIHH@Z)'
LINK : warning LNK4217: symbol '___glewBindFramebuffer' defined in 'glew32s.lib(glew.obj)' is imported by 'WaterFrameBuffer.obj' in function '"private: void __thiscall WaterFrameBuffer::BindFrameBuffer(int,int,int)" (?BindFrameBuffer@WaterFrameBuffer@@AAEXHHH@Z)'
LINK : warning LNK4217: symbol '___glewBindRenderbuffer' defined in 'glew32s.lib(glew.obj)' is imported by 'WaterFrameBuffer.obj' in function '"private: unsigned int __thiscall WaterFrameBuffer::CreateDepthBufferAttachment(int,int)" (?CreateDepthBufferAttachment@WaterFrameBuffer@@AAEIHH@Z)'
LINK : warning LNK4217: symbol '___glewDeleteFramebuffers' defined in 'glew32s.lib(glew.obj)' is imported by 'WaterFrameBuffer.obj' in function '"public: void __thiscall WaterFrameBuffer::cleanUp(void)" (?cleanUp@WaterFrameBuffer@@QAEXXZ)'
LINK : warning LNK4217: symbol '___glewDeleteRenderbuffers' defined in 'glew32s.lib(glew.obj)' is imported by 'WaterFrameBuffer.obj' in function '"public: void __thiscall WaterFrameBuffer::cleanUp(void)" (?cleanUp@WaterFrameBuffer@@QAEXXZ)'
LINK : warning LNK4217: symbol '___glewFramebufferRenderbuffer' defined in 'glew32s.lib(glew.obj)' is imported by 'WaterFrameBuffer.obj' in function '"private: unsigned int __thiscall WaterFrameBuffer::CreateDepthBufferAttachment(int,int)" (?CreateDepthBufferAttachment@WaterFrameBuffer@@AAEIHH@Z)'
LINK : warning LNK4217: symbol '___glewGenFramebuffers' defined in 'glew32s.lib(glew.obj)' is imported by 'WaterFrameBuffer.obj' in function '"private: unsigned int __thiscall WaterFrameBuffer::CreateFrameBuffer(void)" (?CreateFrameBuffer@WaterFrameBuffer@@AAEIXZ)'
LINK : warning LNK4217: symbol '___glewGenRenderbuffers' defined in 'glew32s.lib(glew.obj)' is imported by 'WaterFrameBuffer.obj' in function '"private: unsigned int __thiscall WaterFrameBuffer::CreateDepthBufferAttachment(int,int)" (?CreateDepthBufferAttachment@WaterFrameBuffer@@AAEIHH@Z)'
LINK : warning LNK4217: symbol '___glewRenderbufferStorage' defined in 'glew32s.lib(glew.obj)' is imported by 'WaterFrameBuffer.obj' in function '"private: unsigned int __thiscall WaterFrameBuffer::CreateDepthBufferAttachment(int,int)" (?CreateDepthBufferAttachment@WaterFrameBuffer@@AAEIHH@Z)'
glew32s.lib(glew.obj) : warning LNK4099: PDB 'vc120.pdb' was not found with 'glew32s.lib(glew.obj)' or at 'Z:\MyOpenGLGame\Debug\vc120.pdb'; linking object as if no debug info
  MyOpenGLGame.vcxproj -> Z:\MyOpenGLGame\Debug\MyOpenGLGame.exe
