Game.obj : error LNK2019: 无法解析的外部符号 glewInit，函数 "public: void __cdecl Game::run(void)" (?run@Game@@QEAAXXZ) 中引用了该符号
Game.obj : error LNK2019: 无法解析的外部符号 glfwInit，函数 "public: void __cdecl Game::run(void)" (?run@Game@@QEAAXXZ) 中引用了该符号
Game.obj : error LNK2019: 无法解析的外部符号 glfwTerminate，函数 "private: void __cdecl Game::Gameloop(void)" (?Gameloop@Game@@AEAAXXZ) 中引用了该符号
Game.obj : error LNK2019: 无法解析的外部符号 glfwWindowHint，函数 "public: void __cdecl Game::run(void)" (?run@Game@@QEAAXXZ) 中引用了该符号
Game.obj : error LNK2019: 无法解析的外部符号 glfwCreateWindow，函数 "public: void __cdecl Game::run(void)" (?run@Game@@QEAAXXZ) 中引用了该符号
Game.obj : error LNK2019: 无法解析的外部符号 glfwWindowShouldClose，函数 "private: void __cdecl Game::Gameloop(void)" (?Gameloop@Game@@AEAAXXZ) 中引用了该符号
Game.obj : error LNK2019: 无法解析的外部符号 glfwSetWindowShouldClose，函数 "private: void __cdecl Game::processInput(struct GLFWwindow *,float)" (?processInput@Game@@AEAAXPEAUGLFWwindow@@M@Z) 中引用了该符号
Game.obj : error LNK2019: 无法解析的外部符号 glfwPollEvents，函数 "private: void __cdecl Game::Gameloop(void)" (?Gameloop@Game@@AEAAXXZ) 中引用了该符号
Game.obj : error LNK2019: 无法解析的外部符号 glfwSetInputMode，函数 "public: void __cdecl Game::run(void)" (?run@Game@@QEAAXXZ) 中引用了该符号
Game.obj : error LNK2019: 无法解析的外部符号 glfwGetKey，函数 "private: void __cdecl Game::processInput(struct GLFWwindow *,float)" (?processInput@Game@@AEAAXPEAUGLFWwindow@@M@Z) 中引用了该符号
Game.obj : error LNK2019: 无法解析的外部符号 glfwSetMouseButtonCallback，函数 "public: void __cdecl Game::run(void)" (?run@Game@@QEAAXXZ) 中引用了该符号
Game.obj : error LNK2019: 无法解析的外部符号 glfwSetCursorPosCallback，函数 "public: void __cdecl Game::run(void)" (?run@Game@@QEAAXXZ) 中引用了该符号
Game.obj : error LNK2019: 无法解析的外部符号 glfwSetScrollCallback，函数 "public: void __cdecl Game::run(void)" (?run@Game@@QEAAXXZ) 中引用了该符号
Game.obj : error LNK2019: 无法解析的外部符号 glfwGetTime，函数 "private: void __cdecl Game::Gameloop(void)" (?Gameloop@Game@@AEAAXXZ) 中引用了该符号
main.obj : error LNK2001: 无法解析的外部符号 glfwGetTime
Game.obj : error LNK2019: 无法解析的外部符号 glfwMakeContextCurrent，函数 "public: void __cdecl Game::run(void)" (?run@Game@@QEAAXXZ) 中引用了该符号
Game.obj : error LNK2019: 无法解析的外部符号 glfwSwapBuffers，函数 "private: void __cdecl Game::Gameloop(void)" (?Gameloop@Game@@AEAAXXZ) 中引用了该符号
Game.obj : error LNK2001: 无法解析的外部符号 __glewActiveTexture
Game.obj : error LNK2001: 无法解析的外部符号 __glewBindBuffer
Game.obj : error LNK2001: 无法解析的外部符号 __glewBufferData
Game.obj : error LNK2001: 无法解析的外部符号 __glewGenBuffers
Game.obj : error LNK2001: 无法解析的外部符号 __glewEnableVertexAttribArray
Game.obj : error LNK2001: 无法解析的外部符号 __glewVertexAttribPointer
Game.obj : error LNK2001: 无法解析的外部符号 __glewFramebufferTexture
Game.obj : error LNK2001: 无法解析的外部符号 __glewBindFramebuffer
Game.obj : error LNK2001: 无法解析的外部符号 __glewBindRenderbuffer
Game.obj : error LNK2001: 无法解析的外部符号 __glewFramebufferRenderbuffer
Game.obj : error LNK2001: 无法解析的外部符号 __glewGenFramebuffers
Game.obj : error LNK2001: 无法解析的外部符号 __glewGenRenderbuffers
Game.obj : error LNK2001: 无法解析的外部符号 __glewRenderbufferStorage
Game.obj : error LNK2001: 无法解析的外部符号 __glewBindVertexArray
Game.obj : error LNK2001: 无法解析的外部符号 __glewGenVertexArrays
Game.obj : error LNK2001: 无法解析的外部符号 glewExperimental
Terrain.obj : error LNK2001: 无法解析的外部符号 __imp___glewActiveTexture
Texture.obj : error LNK2001: 无法解析的外部符号 __imp___glewActiveTexture
Mesh.obj : error LNK2001: 无法解析的外部符号 __imp___glewActiveTexture
Object.obj : error LNK2001: 无法解析的外部符号 __imp___glewActiveTexture
ParticleSystem.obj : error LNK2001: 无法解析的外部符号 __imp___glewActiveTexture
Skybox.obj : error LNK2001: 无法解析的外部符号 __imp___glewActiveTexture
Terrain.obj : error LNK2001: 无法解析的外部符号 __imp___glewBindBuffer
Mesh.obj : error LNK2001: 无法解析的外部符号 __imp___glewBindBuffer
Object.obj : error LNK2001: 无法解析的外部符号 __imp___glewBindBuffer
ParticleSystem.obj : error LNK2001: 无法解析的外部符号 __imp___glewBindBuffer
Skybox.obj : error LNK2001: 无法解析的外部符号 __imp___glewBindBuffer
Terrain.obj : error LNK2001: 无法解析的外部符号 __imp___glewBufferData
Mesh.obj : error LNK2001: 无法解析的外部符号 __imp___glewBufferData
Object.obj : error LNK2001: 无法解析的外部符号 __imp___glewBufferData
ParticleSystem.obj : error LNK2001: 无法解析的外部符号 __imp___glewBufferData
Skybox.obj : error LNK2001: 无法解析的外部符号 __imp___glewBufferData
Terrain.obj : error LNK2001: 无法解析的外部符号 __imp___glewGenBuffers
Mesh.obj : error LNK2001: 无法解析的外部符号 __imp___glewGenBuffers
Object.obj : error LNK2001: 无法解析的外部符号 __imp___glewGenBuffers
ParticleSystem.obj : error LNK2001: 无法解析的外部符号 __imp___glewGenBuffers
Skybox.obj : error LNK2001: 无法解析的外部符号 __imp___glewGenBuffers
Terrain.obj : error LNK2001: 无法解析的外部符号 __imp___glewEnableVertexAttribArray
Mesh.obj : error LNK2001: 无法解析的外部符号 __imp___glewEnableVertexAttribArray
Object.obj : error LNK2001: 无法解析的外部符号 __imp___glewEnableVertexAttribArray
ParticleSystem.obj : error LNK2001: 无法解析的外部符号 __imp___glewEnableVertexAttribArray
Skybox.obj : error LNK2001: 无法解析的外部符号 __imp___glewEnableVertexAttribArray
Terrain.obj : error LNK2001: 无法解析的外部符号 __imp___glewVertexAttribPointer
Mesh.obj : error LNK2001: 无法解析的外部符号 __imp___glewVertexAttribPointer
Object.obj : error LNK2001: 无法解析的外部符号 __imp___glewVertexAttribPointer
ParticleSystem.obj : error LNK2001: 无法解析的外部符号 __imp___glewVertexAttribPointer
Skybox.obj : error LNK2001: 无法解析的外部符号 __imp___glewVertexAttribPointer
Terrain.obj : error LNK2001: 无法解析的外部符号 __imp___glewBindVertexArray
Weapon.obj : error LNK2001: 无法解析的外部符号 __imp___glewBindVertexArray
Mesh.obj : error LNK2001: 无法解析的外部符号 __imp___glewBindVertexArray
Object.obj : error LNK2001: 无法解析的外部符号 __imp___glewBindVertexArray
ParticleSystem.obj : error LNK2001: 无法解析的外部符号 __imp___glewBindVertexArray
Skybox.obj : error LNK2001: 无法解析的外部符号 __imp___glewBindVertexArray
Terrain.obj : error LNK2001: 无法解析的外部符号 __imp___glewGenVertexArrays
Mesh.obj : error LNK2001: 无法解析的外部符号 __imp___glewGenVertexArrays
Object.obj : error LNK2001: 无法解析的外部符号 __imp___glewGenVertexArrays
ParticleSystem.obj : error LNK2001: 无法解析的外部符号 __imp___glewGenVertexArrays
Skybox.obj : error LNK2001: 无法解析的外部符号 __imp___glewGenVertexArrays
Model.obj : error LNK2019: 无法解析的外部符号 __imp___glewGenerateMipmap，函数 "unsigned int __cdecl TextureFromFile(char const *,class std::basic_string<char,struct std::char_traits<char>,class std::allocator<char> > const &)" (?TextureFromFile@@YAIPEBDAEBV?$basic_string@DU?$char_traits@D@std@@V?$allocator@D@2@@std@@@Z) 中引用了该符号
Texture.obj : error LNK2001: 无法解析的外部符号 __imp___glewGenerateMipmap
Object.obj : error LNK2019: 无法解析的外部符号 __imp___glewDrawArraysInstanced，函数 "public: void __cdecl Object::DrawPlant(class Camera &,class LightDirectional *,class LightSpot *,int,class std::vector<struct glm::tvec3<float,0>,class std::allocator<struct glm::tvec3<float,0> > >)" (?DrawPlant@Object@@QEAAXAEAVCamera@@PEAVLightDirectional@@PEAVLightSpot@@HV?$vector@U?$tvec3@M$0A@@glm@@V?$allocator@U?$tvec3@M$0A@@glm@@@std@@@std@@@Z) 中引用了该符号
Object.obj : error LNK2019: 无法解析的外部符号 __imp___glewVertexAttribDivisor，函数 "public: void __cdecl Object::InitGrass(class std::vector<struct glm::tvec3<float,0>,class std::allocator<struct glm::tvec3<float,0> > >)" (?InitGrass@Object@@QEAAXV?$vector@U?$tvec3@M$0A@@glm@@V?$allocator@U?$tvec3@M$0A@@glm@@@std@@@std@@@Z) 中引用了该符号
Terrain.obj : error LNK2001: 无法解析的外部符号 __imp___glewVertexAttribDivisor
Shader.obj : error LNK2001: 无法解析的外部符号 __glewAttachShader
Shader.obj : error LNK2001: 无法解析的外部符号 __glewCompileShader
Shader.obj : error LNK2001: 无法解析的外部符号 __glewCreateProgram
Shader.obj : error LNK2001: 无法解析的外部符号 __glewCreateShader
Shader.obj : error LNK2001: 无法解析的外部符号 __glewDeleteShader
Shader.obj : error LNK2001: 无法解析的外部符号 __glewGetUniformLocation
Shader.obj : error LNK2001: 无法解析的外部符号 __glewLinkProgram
Shader.obj : error LNK2001: 无法解析的外部符号 __glewShaderSource
Shader.obj : error LNK2001: 无法解析的外部符号 __glewUniform1f
Shader.obj : error LNK2001: 无法解析的外部符号 __glewUniform1i
Shader.obj : error LNK2001: 无法解析的外部符号 __glewUniform3f
Shader.obj : error LNK2001: 无法解析的外部符号 __glewUniform4f
Shader.obj : error LNK2001: 无法解析的外部符号 __glewUniformMatrix4fv
Shader.obj : error LNK2001: 无法解析的外部符号 __glewUseProgram
Skybox.obj : error LNK2019: 无法解析的外部符号 __imp___glewDeleteBuffers，函数 "public: __cdecl Skybox::~Skybox(void)" (??1Skybox@@QEAA@XZ) 中引用了该符号
Skybox.obj : error LNK2019: 无法解析的外部符号 __imp___glewDeleteVertexArrays，函数 "public: __cdecl Skybox::~Skybox(void)" (??1Skybox@@QEAA@XZ) 中引用了该符号
Terrain.obj : error LNK2019: 无法解析的外部符号 __imp___glewDrawElementsInstanced，函数 "private: void __cdecl Terrain::DrawStone(class Camera,class LightDirectional *,class LightSpot *,int)" (?DrawStone@Terrain@@AEAAXVCamera@@PEAVLightDirectional@@PEAVLightSpot@@H@Z) 中引用了该符号
WaterFrameBuffer.obj : error LNK2019: 无法解析的外部符号 __imp___glewFramebufferTexture，函数 "private: unsigned int __cdecl WaterFrameBuffer::CreateDepthTextureAttachment(int,int)" (?CreateDepthTextureAttachment@WaterFrameBuffer@@AEAAIHH@Z) 中引用了该符号
WaterFrameBuffer.obj : error LNK2019: 无法解析的外部符号 __imp___glewBindFramebuffer，函数 "private: void __cdecl WaterFrameBuffer::BindFrameBuffer(int,int,int)" (?BindFrameBuffer@WaterFrameBuffer@@AEAAXHHH@Z) 中引用了该符号
WaterFrameBuffer.obj : error LNK2019: 无法解析的外部符号 __imp___glewBindRenderbuffer，函数 "private: unsigned int __cdecl WaterFrameBuffer::CreateDepthBufferAttachment(int,int)" (?CreateDepthBufferAttachment@WaterFrameBuffer@@AEAAIHH@Z) 中引用了该符号
WaterFrameBuffer.obj : error LNK2019: 无法解析的外部符号 __imp___glewDeleteFramebuffers，函数 "public: void __cdecl WaterFrameBuffer::cleanUp(void)" (?cleanUp@WaterFrameBuffer@@QEAAXXZ) 中引用了该符号
WaterFrameBuffer.obj : error LNK2019: 无法解析的外部符号 __imp___glewDeleteRenderbuffers，函数 "public: void __cdecl WaterFrameBuffer::cleanUp(void)" (?cleanUp@WaterFrameBuffer@@QEAAXXZ) 中引用了该符号
WaterFrameBuffer.obj : error LNK2019: 无法解析的外部符号 __imp___glewFramebufferRenderbuffer，函数 "private: unsigned int __cdecl WaterFrameBuffer::CreateDepthBufferAttachment(int,int)" (?CreateDepthBufferAttachment@WaterFrameBuffer@@AEAAIHH@Z) 中引用了该符号
WaterFrameBuffer.obj : error LNK2019: 无法解析的外部符号 __imp___glewGenFramebuffers，函数 "private: unsigned int __cdecl WaterFrameBuffer::CreateFrameBuffer(void)" (?CreateFrameBuffer@WaterFrameBuffer@@AEAAIXZ) 中引用了该符号
WaterFrameBuffer.obj : error LNK2019: 无法解析的外部符号 __imp___glewGenRenderbuffers，函数 "private: unsigned int __cdecl WaterFrameBuffer::CreateDepthBufferAttachment(int,int)" (?CreateDepthBufferAttachment@WaterFrameBuffer@@AEAAIHH@Z) 中引用了该符号
WaterFrameBuffer.obj : error LNK2019: 无法解析的外部符号 __imp___glewRenderbufferStorage，函数 "private: unsigned int __cdecl WaterFrameBuffer::CreateDepthBufferAttachment(int,int)" (?CreateDepthBufferAttachment@WaterFrameBuffer@@AEAAIHH@Z) 中引用了该符号
C:\Users\Administrator\source\repos\MyOpenGLGame\MyOpenGLGame\vender\glfw-3.3.4.bin.WIN32\glfw-3.3.4.bin.WIN32\lib-vc2019\glfw3.lib : warning LNK4272: 库计算机类型“x86”与目标计算机类型“x64”冲突
C:\Users\Administrator\source\repos\MyOpenGLGame\MyOpenGLGame\vender\glew-2.1.0-win32\glew-2.1.0\lib\Release\Win32\glew32s.lib : warning LNK4272: 库计算机类型“x86”与目标计算机类型“x64”冲突
C:\Users\Administrator\source\repos\MyOpenGLGame\x64\Debug\MyOpenGLGame.exe : fatal error LNK1120: 69 个无法解析的外部命令
